[2020-03-05T18:14:57.515] [ERROR] global - ReferenceError: render is not defined
    at router.get (/Users/banbi/Documents/workspace_study/job_2/src/server/app.js:13:17)
    at dispatch (/Users/banbi/Documents/workspace_study/job_2/node_modules/koa-compose/index.js:42:32)
    at /Users/banbi/Documents/workspace_study/job_2/node_modules/koa-router/lib/router.js:368:16
    at dispatch (/Users/banbi/Documents/workspace_study/job_2/node_modules/koa-compose/index.js:42:32)
    at /Users/banbi/Documents/workspace_study/job_2/node_modules/koa-compose/index.js:34:12
    at dispatch (/Users/banbi/Documents/workspace_study/job_2/node_modules/koa-router/lib/router.js:373:31)
    at next (/Users/banbi/Documents/workspace_study/job_2/node_modules/koa-compose/index.js:42:32)
    at app.use (/Users/banbi/Documents/workspace_study/job_2/src/server/middlewares/errorHandle.js:7:23)
    at dispatch (/Users/banbi/Documents/workspace_study/job_2/node_modules/koa-compose/index.js:42:32)
    at /Users/banbi/Documents/workspace_study/job_2/node_modules/koa-compose/index.js:34:12
[2020-03-05T19:11:27.893] [ERROR] global - ReferenceError: res is not defined
    at Promise (/Users/banbi/Documents/workspace_study/job_2/src/server/models/BooksModel.js:18:40)
    at new Promise (<anonymous>)
    at BooksModel.getBooksList (/Users/banbi/Documents/workspace_study/job_2/src/server/models/BooksModel.js:13:16)
    at actionList (/Users/banbi/Documents/workspace_study/job_2/src/server/controllers/BooksController.js:5:37)
    at dispatch (/Users/banbi/Documents/workspace_study/job_2/node_modules/koa-compose/index.js:42:32)
    at /Users/banbi/Documents/workspace_study/job_2/node_modules/koa-router/lib/router.js:368:16
    at dispatch (/Users/banbi/Documents/workspace_study/job_2/node_modules/koa-compose/index.js:42:32)
    at /Users/banbi/Documents/workspace_study/job_2/node_modules/koa-compose/index.js:34:12
    at dispatch (/Users/banbi/Documents/workspace_study/job_2/node_modules/koa-router/lib/router.js:373:31)
    at dispatch (/Users/banbi/Documents/workspace_study/job_2/node_modules/koa-compose/index.js:42:32)
[2020-03-06T01:06:04.443] [ERROR] global - { FetchError: request to http://localhost:81/basic/web/index.php?r=books-rest failed, reason: connect ECONNREFUSED 127.0.0.1:81
    at ClientRequest.<anonymous> (/Users/banbi/Documents/workspace_study/job_2/node_modules/node-fetch/lib/index.js:1455:11)
    at ClientRequest.emit (events.js:189:13)
    at ClientRequest.EventEmitter.emit (domain.js:441:20)
    at Socket.socketErrorListener (_http_client.js:392:9)
    at Socket.emit (events.js:189:13)
    at Socket.EventEmitter.emit (domain.js:441:20)
    at emitErrorNT (internal/streams/destroy.js:82:8)
    at emitErrorAndCloseNT (internal/streams/destroy.js:50:3)
    at process._tickCallback (internal/process/next_tick.js:63:19)
  message:
   'request to http://localhost:81/basic/web/index.php?r=books-rest failed, reason: connect ECONNREFUSED 127.0.0.1:81',
  type: 'system',
  errno: 'ECONNREFUSED',
  code: 'ECONNREFUSED' }
[2020-03-06T01:06:31.368] [ERROR] global - { FetchError: request to http://localhost:81/basic/web/index.php?r=books-rest failed, reason: connect ECONNREFUSED 127.0.0.1:81
    at ClientRequest.<anonymous> (/Users/banbi/Documents/workspace_study/job_2/node_modules/node-fetch/lib/index.js:1455:11)
    at ClientRequest.emit (events.js:189:13)
    at ClientRequest.EventEmitter.emit (domain.js:441:20)
    at Socket.socketErrorListener (_http_client.js:392:9)
    at Socket.emit (events.js:189:13)
    at Socket.EventEmitter.emit (domain.js:441:20)
    at emitErrorNT (internal/streams/destroy.js:82:8)
    at emitErrorAndCloseNT (internal/streams/destroy.js:50:3)
    at process._tickCallback (internal/process/next_tick.js:63:19)
  message:
   'request to http://localhost:81/basic/web/index.php?r=books-rest failed, reason: connect ECONNREFUSED 127.0.0.1:81',
  type: 'system',
  errno: 'ECONNREFUSED',
  code: 'ECONNREFUSED' }
